0: Epoch: 00, Train RMSE: 0.60505176, Val RMSE: 0.40705219, Test RMSE: 0.41644955
0: Tasks RMSE: [0.60505176]
0: Epoch: 01, Train RMSE: 0.41620109, Val RMSE: 0.60824028, Test RMSE: 0.61267558
0: Tasks RMSE: [0.41620109]
0: Epoch: 02, Train RMSE: 0.37932459, Val RMSE: 0.36651407, Test RMSE: 0.36759904
0: Tasks RMSE: [0.37932459]
0: Epoch: 03, Train RMSE: 0.36413925, Val RMSE: 0.32774468, Test RMSE: 0.33304926
0: Tasks RMSE: [0.36413925]
0: Epoch: 04, Train RMSE: 0.34919428, Val RMSE: 0.39481115, Test RMSE: 0.39936982
0: Tasks RMSE: [0.34919428]
0: Epoch: 05, Train RMSE: 0.33394474, Val RMSE: 0.45544069, Test RMSE: 0.45898739
0: Tasks RMSE: [0.33394474]
0: Epoch: 06, Train RMSE: 0.32226163, Val RMSE: 0.39498390, Test RMSE: 0.39607462
0: Tasks RMSE: [0.32226163]
0: Epoch: 07, Train RMSE: 0.31444874, Val RMSE: 0.32840364, Test RMSE: 0.33391243
0: Tasks RMSE: [0.31444874]
0: Epoch: 08, Train RMSE: 0.30558606, Val RMSE: 0.29259628, Test RMSE: 0.29786398
0: Tasks RMSE: [0.30558606]
0: Epoch: 09, Train RMSE: 0.30205121, Val RMSE: 0.27980394, Test RMSE: 0.28222420
0: Tasks RMSE: [0.30205121]
0: Epoch: 10, Train RMSE: 0.29262106, Val RMSE: 0.30190579, Test RMSE: 0.30638727
0: Tasks RMSE: [0.29262106]
0: Epoch: 11, Train RMSE: 0.28903500, Val RMSE: 0.28104131, Test RMSE: 0.28370823
0: Tasks RMSE: [0.289035]
0: Epoch: 12, Train RMSE: 0.28783022, Val RMSE: 0.26899679, Test RMSE: 0.27671828
0: Tasks RMSE: [0.28783022]
0: Epoch: 13, Train RMSE: 0.28362011, Val RMSE: 0.26809698, Test RMSE: 0.26959911
0: Tasks RMSE: [0.28362011]
0: Epoch: 14, Train RMSE: 0.27826435, Val RMSE: 0.32162297, Test RMSE: 0.32799031
0: Tasks RMSE: [0.27826435]
0: Epoch: 15, Train RMSE: 0.27612259, Val RMSE: 0.30823259, Test RMSE: 0.31833064
0: Tasks RMSE: [0.27612259]
0: Epoch: 16, Train RMSE: 0.27195773, Val RMSE: 0.26441029, Test RMSE: 0.27416437
0: Tasks RMSE: [0.27195773]
0: Epoch: 17, Train RMSE: 0.27045713, Val RMSE: 0.29835804, Test RMSE: 0.29760974
0: Tasks RMSE: [0.27045713]
0: Epoch: 18, Train RMSE: 0.26510628, Val RMSE: 0.25788123, Test RMSE: 0.26166696
0: Tasks RMSE: [0.26510628]
0: Epoch: 19, Train RMSE: 0.26455914, Val RMSE: 0.24982737, Test RMSE: 0.25551579
0: Tasks RMSE: [0.26455914]
0: Epoch: 20, Train RMSE: 0.26173760, Val RMSE: 0.27269454, Test RMSE: 0.28306688
0: Tasks RMSE: [0.2617376]
0: Epoch: 21, Train RMSE: 0.25960648, Val RMSE: 0.26244185, Test RMSE: 0.26827784
0: Tasks RMSE: [0.25960648]
0: Epoch: 22, Train RMSE: 0.25934326, Val RMSE: 0.38502279, Test RMSE: 0.39291461
0: Tasks RMSE: [0.25934326]
0: Epoch: 23, Train RMSE: 0.25698049, Val RMSE: 0.24123766, Test RMSE: 0.25190110
0: Tasks RMSE: [0.25698049]
0: Epoch: 24, Train RMSE: 0.25738856, Val RMSE: 0.26310312, Test RMSE: 0.27496875
0: Tasks RMSE: [0.25738856]
0: Epoch: 25, Train RMSE: 0.25155253, Val RMSE: 0.30100958, Test RMSE: 0.30579175
0: Tasks RMSE: [0.25155253]
0: Epoch: 26, Train RMSE: 0.24956033, Val RMSE: 0.31141351, Test RMSE: 0.31634344
0: Tasks RMSE: [0.24956033]
0: Epoch: 27, Train RMSE: 0.24844414, Val RMSE: 0.25153810, Test RMSE: 0.25975343
0: Tasks RMSE: [0.24844414]
0: Epoch: 28, Train RMSE: 0.24654308, Val RMSE: 0.24411816, Test RMSE: 0.25334700
0: Tasks RMSE: [0.24654308]
0: Epoch: 29, Train RMSE: 0.24716409, Val RMSE: 0.26221684, Test RMSE: 0.26646742
0: Tasks RMSE: [0.24716409]
0: Epoch: 30, Train RMSE: 0.22324770, Val RMSE: 0.24322577, Test RMSE: 0.25566614
0: Tasks RMSE: [0.2232477]
0: Epoch: 31, Train RMSE: 0.22088559, Val RMSE: 0.21657119, Test RMSE: 0.22664436
0: Tasks RMSE: [0.22088559]
0: Epoch: 32, Train RMSE: 0.21820904, Val RMSE: 0.22195427, Test RMSE: 0.23156480
0: Tasks RMSE: [0.21820904]
0: Epoch: 33, Train RMSE: 0.21916877, Val RMSE: 0.21853584, Test RMSE: 0.22747909
0: Tasks RMSE: [0.21916877]
0: Epoch: 34, Train RMSE: 0.21734153, Val RMSE: 0.23633911, Test RMSE: 0.24171316
0: Tasks RMSE: [0.21734153]
0: Epoch: 35, Train RMSE: 0.21574448, Val RMSE: 0.21906616, Test RMSE: 0.22959513
0: Tasks RMSE: [0.21574448]
0: Epoch: 36, Train RMSE: 0.21421179, Val RMSE: 0.21515259, Test RMSE: 0.22360142
0: Tasks RMSE: [0.21421179]
0: Epoch: 37, Train RMSE: 0.21369282, Val RMSE: 0.22721300, Test RMSE: 0.23790551
0: Tasks RMSE: [0.21369282]
0: Epoch: 38, Train RMSE: 0.21204972, Val RMSE: 0.21064999, Test RMSE: 0.21989577
0: Tasks RMSE: [0.21204972]
0: Epoch: 39, Train RMSE: 0.21295663, Val RMSE: 0.23740881, Test RMSE: 0.24895854
0: Tasks RMSE: [0.21295663]
0: Epoch: 40, Train RMSE: 0.21080062, Val RMSE: 0.23974170, Test RMSE: 0.25048555
0: Tasks RMSE: [0.21080062]
0: Epoch: 41, Train RMSE: 0.21251421, Val RMSE: 0.24146247, Test RMSE: 0.24992141
0: Tasks RMSE: [0.21251421]
0: Epoch: 42, Train RMSE: 0.21014546, Val RMSE: 0.21175841, Test RMSE: 0.22145571
0: Tasks RMSE: [0.21014546]
0: Epoch: 43, Train RMSE: 0.21008347, Val RMSE: 0.27949485, Test RMSE: 0.28870438
0: Tasks RMSE: [0.21008347]
0: Epoch: 44, Train RMSE: 0.20945076, Val RMSE: 0.21298971, Test RMSE: 0.22600992
0: Tasks RMSE: [0.20945076]
0: Epoch: 45, Train RMSE: 0.19578817, Val RMSE: 0.21478303, Test RMSE: 0.22628293
0: Tasks RMSE: [0.19578817]
0: Epoch: 46, Train RMSE: 0.19394923, Val RMSE: 0.20661706, Test RMSE: 0.21695821
0: Tasks RMSE: [0.19394923]
0: Epoch: 47, Train RMSE: 0.19398113, Val RMSE: 0.21402345, Test RMSE: 0.22572735
0: Tasks RMSE: [0.19398113]
0: Epoch: 48, Train RMSE: 0.19370441, Val RMSE: 0.21015422, Test RMSE: 0.22019291
0: Tasks RMSE: [0.19370441]
0: Epoch: 49, Train RMSE: 0.19193211, Val RMSE: 0.19860871, Test RMSE: 0.20929575
0: Tasks RMSE: [0.19193211]
0: Epoch: 50, Train RMSE: 0.19223475, Val RMSE: 0.19589621, Test RMSE: 0.20925633
0: Tasks RMSE: [0.19223475]
0: Epoch: 51, Train RMSE: 0.19204560, Val RMSE: 0.21299614, Test RMSE: 0.22742907
0: Tasks RMSE: [0.1920456]
0: Epoch: 52, Train RMSE: 0.19043392, Val RMSE: 0.19941380, Test RMSE: 0.20951359
0: Tasks RMSE: [0.19043392]
0: Epoch: 53, Train RMSE: 0.19182351, Val RMSE: 0.22831256, Test RMSE: 0.23897101
0: Tasks RMSE: [0.19182351]
0: Epoch: 54, Train RMSE: 0.18979742, Val RMSE: 0.21315505, Test RMSE: 0.22554963
0: Tasks RMSE: [0.18979742]
0: Epoch: 55, Train RMSE: 0.18995028, Val RMSE: 0.19498136, Test RMSE: 0.20772170
0: Tasks RMSE: [0.18995028]
0: Epoch: 56, Train RMSE: 0.18890737, Val RMSE: 0.20449919, Test RMSE: 0.21325180
0: Tasks RMSE: [0.18890737]
0: Epoch: 57, Train RMSE: 0.18797760, Val RMSE: 0.20966301, Test RMSE: 0.21883842
0: Tasks RMSE: [0.1879776]
0: Epoch: 58, Train RMSE: 0.18805003, Val RMSE: 0.20330347, Test RMSE: 0.21507307
0: Tasks RMSE: [0.18805003]
0: Epoch: 59, Train RMSE: 0.18884639, Val RMSE: 0.19802565, Test RMSE: 0.20868353
0: Tasks RMSE: [0.18884639]
0: Epoch: 60, Train RMSE: 0.18827733, Val RMSE: 0.19899705, Test RMSE: 0.21279677
0: Tasks RMSE: [0.18827733]
0: Epoch: 61, Train RMSE: 0.18848187, Val RMSE: 0.19310514, Test RMSE: 0.20480193
0: Tasks RMSE: [0.18848187]
0: Epoch: 62, Train RMSE: 0.18648521, Val RMSE: 0.21051956, Test RMSE: 0.22077774
0: Tasks RMSE: [0.18648521]
0: Epoch: 63, Train RMSE: 0.18666709, Val RMSE: 0.19918545, Test RMSE: 0.21027493
0: Tasks RMSE: [0.18666709]
0: Epoch: 64, Train RMSE: 0.18659049, Val RMSE: 0.19450313, Test RMSE: 0.20539861
0: Tasks RMSE: [0.18659049]
0: Epoch: 65, Train RMSE: 0.18580046, Val RMSE: 0.21725958, Test RMSE: 0.22926553
0: Tasks RMSE: [0.18580046]
0: Epoch: 66, Train RMSE: 0.18647097, Val RMSE: 0.20089807, Test RMSE: 0.21335266
0: Tasks RMSE: [0.18647097]
0: Epoch: 67, Train RMSE: 0.18518315, Val RMSE: 0.19514616, Test RMSE: 0.20597447
0: Tasks RMSE: [0.18518315]
0: Epoch: 68, Train RMSE: 0.17704453, Val RMSE: 0.19084122, Test RMSE: 0.20441848
0: Tasks RMSE: [0.17704453]
0: Epoch: 69, Train RMSE: 0.17616710, Val RMSE: 0.18764568, Test RMSE: 0.20101378
0: Tasks RMSE: [0.1761671]
0: Epoch: 70, Train RMSE: 0.17581728, Val RMSE: 0.18981040, Test RMSE: 0.20293603
0: Tasks RMSE: [0.17581728]
0: Epoch: 71, Train RMSE: 0.17590170, Val RMSE: 0.19242592, Test RMSE: 0.20466937
0: Tasks RMSE: [0.1759017]
0: Epoch: 72, Train RMSE: 0.17505845, Val RMSE: 0.19156197, Test RMSE: 0.20327989
0: Tasks RMSE: [0.17505845]
0: Epoch: 73, Train RMSE: 0.17462694, Val RMSE: 0.19333074, Test RMSE: 0.20598206
0: Tasks RMSE: [0.17462694]
0: Epoch: 74, Train RMSE: 0.17503767, Val RMSE: 0.19711352, Test RMSE: 0.20949782
0: Tasks RMSE: [0.17503767]
0: Epoch: 75, Train RMSE: 0.17420602, Val RMSE: 0.19506827, Test RMSE: 0.20500830
0: Tasks RMSE: [0.17420602]
0: Epoch: 76, Train RMSE: 0.16978227, Val RMSE: 0.18855231, Test RMSE: 0.20019967
0: Tasks RMSE: [0.16978227]
0: Epoch: 77, Train RMSE: 0.17003064, Val RMSE: 0.18867535, Test RMSE: 0.20218732
0: Tasks RMSE: [0.17003064]
0: Epoch: 78, Train RMSE: 0.16955124, Val RMSE: 0.19240272, Test RMSE: 0.20150515
0: Tasks RMSE: [0.16955124]
0: Epoch: 79, Train RMSE: 0.16961197, Val RMSE: 0.18716890, Test RMSE: 0.20059585
0: Tasks RMSE: [0.16961197]
0: Epoch: 80, Train RMSE: 0.16867463, Val RMSE: 0.18687706, Test RMSE: 0.19977779
0: Tasks RMSE: [0.16867463]
0: Epoch: 81, Train RMSE: 0.16865599, Val RMSE: 0.18887950, Test RMSE: 0.20186978
0: Tasks RMSE: [0.16865599]
0: Epoch: 82, Train RMSE: 0.16847056, Val RMSE: 0.19667481, Test RMSE: 0.20701472
0: Tasks RMSE: [0.16847056]
0: Epoch: 83, Train RMSE: 0.16839723, Val RMSE: 0.19051313, Test RMSE: 0.20176415
0: Tasks RMSE: [0.16839723]
0: Epoch: 84, Train RMSE: 0.16791941, Val RMSE: 0.18625741, Test RMSE: 0.19645289
0: Tasks RMSE: [0.16791941]
0: Epoch: 85, Train RMSE: 0.16815597, Val RMSE: 0.18743604, Test RMSE: 0.19821035
0: Tasks RMSE: [0.16815597]
0: Epoch: 86, Train RMSE: 0.16825265, Val RMSE: 0.18900501, Test RMSE: 0.20218864
0: Tasks RMSE: [0.16825265]
0: Epoch: 87, Train RMSE: 0.16784075, Val RMSE: 0.18767238, Test RMSE: 0.20057653
0: Tasks RMSE: [0.16784075]
0: Epoch: 88, Train RMSE: 0.16795768, Val RMSE: 0.18749394, Test RMSE: 0.20216250
0: Tasks RMSE: [0.16795768]
0: Epoch: 89, Train RMSE: 0.16780411, Val RMSE: 0.19021822, Test RMSE: 0.20246281
0: Tasks RMSE: [0.16780411]
0: Epoch: 90, Train RMSE: 0.16696083, Val RMSE: 0.18606818, Test RMSE: 0.19960036
0: Tasks RMSE: [0.16696083]
0: Epoch: 91, Train RMSE: 0.16753180, Val RMSE: 0.18749516, Test RMSE: 0.20149038
0: Tasks RMSE: [0.1675318]
0: Epoch: 92, Train RMSE: 0.16769790, Val RMSE: 0.18732944, Test RMSE: 0.19935438
0: Tasks RMSE: [0.1676979]
0: Epoch: 93, Train RMSE: 0.16729146, Val RMSE: 0.18775690, Test RMSE: 0.20052474
0: Tasks RMSE: [0.16729146]
0: Epoch: 94, Train RMSE: 0.16664995, Val RMSE: 0.18874346, Test RMSE: 0.20311853
0: Tasks RMSE: [0.16664995]
0: Epoch: 95, Train RMSE: 0.16688120, Val RMSE: 0.18785402, Test RMSE: 0.19909295
0: Tasks RMSE: [0.1668812]
0: Epoch: 96, Train RMSE: 0.16675582, Val RMSE: 0.18779295, Test RMSE: 0.20194620
0: Tasks RMSE: [0.16675582]
0: Epoch: 97, Train RMSE: 0.16400103, Val RMSE: 0.18513280, Test RMSE: 0.19885261
0: Tasks RMSE: [0.16400103]
0: Epoch: 98, Train RMSE: 0.16429831, Val RMSE: 0.18478567, Test RMSE: 0.19840060
0: Tasks RMSE: [0.16429831]
0: Epoch: 99, Train RMSE: 0.16423563, Val RMSE: 0.18565355, Test RMSE: 0.19812292
0: Tasks RMSE: [0.16423563]
0: Epoch: 100, Train RMSE: 0.16347966, Val RMSE: 0.18566124, Test RMSE: 0.19798520
0: Tasks RMSE: [0.16347966]
0: Epoch: 101, Train RMSE: 0.16361013, Val RMSE: 0.18582604, Test RMSE: 0.19972455
0: Tasks RMSE: [0.16361013]
0: Epoch: 102, Train RMSE: 0.16343882, Val RMSE: 0.18549344, Test RMSE: 0.19799734
0: Tasks RMSE: [0.16343882]
0: Epoch: 103, Train RMSE: 0.16308445, Val RMSE: 0.18556995, Test RMSE: 0.19782181
0: Tasks RMSE: [0.16308445]
0: Epoch: 104, Train RMSE: 0.16324395, Val RMSE: 0.18433895, Test RMSE: 0.19784937
0: Tasks RMSE: [0.16324395]
0: Epoch: 105, Train RMSE: 0.16305423, Val RMSE: 0.18790082, Test RMSE: 0.20044722
0: Tasks RMSE: [0.16305423]
0: Epoch: 106, Train RMSE: 0.16263396, Val RMSE: 0.18461583, Test RMSE: 0.19837601
0: Tasks RMSE: [0.16263396]
0: Epoch: 107, Train RMSE: 0.16269013, Val RMSE: 0.18539493, Test RMSE: 0.19860849
0: Tasks RMSE: [0.16269013]
0: Epoch: 108, Train RMSE: 0.16250516, Val RMSE: 0.18531664, Test RMSE: 0.19890281
0: Tasks RMSE: [0.16250516]
0: Epoch: 109, Train RMSE: 0.16310368, Val RMSE: 0.18470587, Test RMSE: 0.19775083
0: Tasks RMSE: [0.16310368]
0: Epoch: 110, Train RMSE: 0.16284653, Val RMSE: 0.18442695, Test RMSE: 0.19766589
0: Tasks RMSE: [0.16284653]
0: Epoch: 111, Train RMSE: 0.16178548, Val RMSE: 0.18471710, Test RMSE: 0.19863315
0: Tasks RMSE: [0.16178548]
0: Epoch: 112, Train RMSE: 0.16138664, Val RMSE: 0.18528980, Test RMSE: 0.19666944
0: Tasks RMSE: [0.16138664]
0: Epoch: 113, Train RMSE: 0.16112326, Val RMSE: 0.18508909, Test RMSE: 0.19855154
0: Tasks RMSE: [0.16112326]
0: Epoch: 114, Train RMSE: 0.16094436, Val RMSE: 0.18563015, Test RMSE: 0.19692660
0: Tasks RMSE: [0.16094436]
0: Epoch: 115, Train RMSE: 0.16114411, Val RMSE: 0.18457134, Test RMSE: 0.19806474
0: Tasks RMSE: [0.16114411]
0: Epoch: 116, Train RMSE: 0.16150540, Val RMSE: 0.18441397, Test RMSE: 0.19658167
0: Tasks RMSE: [0.1615054]
0: Epoch: 117, Train RMSE: 0.16080106, Val RMSE: 0.18500066, Test RMSE: 0.19831567
0: Tasks RMSE: [0.16080106]
0: Epoch: 118, Train RMSE: 0.16062501, Val RMSE: 0.18439301, Test RMSE: 0.19794846
0: Tasks RMSE: [0.16062501]
0: Epoch: 119, Train RMSE: 0.16034813, Val RMSE: 0.18452967, Test RMSE: 0.19638103
0: Tasks RMSE: [0.16034813]
0: Epoch: 120, Train RMSE: 0.16030465, Val RMSE: 0.18433426, Test RMSE: 0.19705649
0: Tasks RMSE: [0.16030465]
0: Epoch: 121, Train RMSE: 0.16020655, Val RMSE: 0.18421870, Test RMSE: 0.19752852
0: Tasks RMSE: [0.16020655]
0: Epoch: 122, Train RMSE: 0.16022995, Val RMSE: 0.18416601, Test RMSE: 0.19676933
0: Tasks RMSE: [0.16022995]
0: Epoch: 123, Train RMSE: 0.16037259, Val RMSE: 0.18429319, Test RMSE: 0.19664131
0: Tasks RMSE: [0.16037259]
0: Epoch: 124, Train RMSE: 0.16009510, Val RMSE: 0.18419114, Test RMSE: 0.19762164
0: Tasks RMSE: [0.1600951]
0: Epoch: 125, Train RMSE: 0.16011149, Val RMSE: 0.18478694, Test RMSE: 0.19748577
0: Tasks RMSE: [0.16011149]
0: Epoch: 126, Train RMSE: 0.16095765, Val RMSE: 0.18415792, Test RMSE: 0.19753323
0: Tasks RMSE: [0.16095765]
0: Epoch: 127, Train RMSE: 0.16056132, Val RMSE: 0.18380459, Test RMSE: 0.19862179
0: Tasks RMSE: [0.16056132]
0: Epoch: 128, Train RMSE: 0.16030758, Val RMSE: 0.18577809, Test RMSE: 0.19894596
0: Tasks RMSE: [0.16030758]
0: Epoch: 129, Train RMSE: 0.16012884, Val RMSE: 0.18462083, Test RMSE: 0.19774570
0: Tasks RMSE: [0.16012884]
0: Epoch: 130, Train RMSE: 0.16039385, Val RMSE: 0.18545901, Test RMSE: 0.19761944
0: Tasks RMSE: [0.16039385]
0: Epoch: 131, Train RMSE: 0.16044716, Val RMSE: 0.18387882, Test RMSE: 0.19620067
0: Tasks RMSE: [0.16044716]
0: Epoch: 132, Train RMSE: 0.15998478, Val RMSE: 0.18441985, Test RMSE: 0.19680548
0: Tasks RMSE: [0.15998478]
0: Epoch: 133, Train RMSE: 0.16059576, Val RMSE: 0.18464185, Test RMSE: 0.19798675
0: Tasks RMSE: [0.16059576]
0: Epoch: 134, Train RMSE: 0.15975010, Val RMSE: 0.18450739, Test RMSE: 0.19659328
0: Tasks RMSE: [0.1597501]
0: Epoch: 135, Train RMSE: 0.16021121, Val RMSE: 0.18438141, Test RMSE: 0.19665409
0: Tasks RMSE: [0.16021121]
0: Epoch: 136, Train RMSE: 0.16016444, Val RMSE: 0.18377728, Test RMSE: 0.19662737
0: Tasks RMSE: [0.16016444]
0: Epoch: 137, Train RMSE: 0.15987343, Val RMSE: 0.18460684, Test RMSE: 0.19760828
0: Tasks RMSE: [0.15987343]
0: Epoch: 138, Train RMSE: 0.16043462, Val RMSE: 0.18385762, Test RMSE: 0.19704085
0: Tasks RMSE: [0.16043462]
0: Epoch: 139, Train RMSE: 0.16031620, Val RMSE: 0.18378290, Test RMSE: 0.19625283
0: Tasks RMSE: [0.1603162]
0: Epoch: 140, Train RMSE: 0.16027092, Val RMSE: 0.18346389, Test RMSE: 0.19651182
0: Tasks RMSE: [0.16027092]
0: Epoch: 141, Train RMSE: 0.16020016, Val RMSE: 0.18414595, Test RMSE: 0.19797605
0: Tasks RMSE: [0.16020016]
0: Epoch: 142, Train RMSE: 0.15949666, Val RMSE: 0.18534375, Test RMSE: 0.19767484
0: Tasks RMSE: [0.15949666]
0: Epoch: 143, Train RMSE: 0.16023067, Val RMSE: 0.18434195, Test RMSE: 0.19629803
0: Tasks RMSE: [0.16023067]
0: Epoch: 144, Train RMSE: 0.15990534, Val RMSE: 0.18358062, Test RMSE: 0.19668046
0: Tasks RMSE: [0.15990534]
0: Epoch: 145, Train RMSE: 0.16024173, Val RMSE: 0.18430784, Test RMSE: 0.19597952
0: Tasks RMSE: [0.16024173]
0: Epoch: 146, Train RMSE: 0.15974011, Val RMSE: 0.18394671, Test RMSE: 0.19882632
0: Tasks RMSE: [0.15974011]
0: Epoch: 147, Train RMSE: 0.15997584, Val RMSE: 0.18468602, Test RMSE: 0.19825495
0: Tasks RMSE: [0.15997584]
0: Epoch: 148, Train RMSE: 0.15988090, Val RMSE: 0.18531086, Test RMSE: 0.19714770
0: Tasks RMSE: [0.1598809]
0: Epoch: 149, Train RMSE: 0.15989015, Val RMSE: 0.18448462, Test RMSE: 0.19692843
0: Tasks RMSE: [0.15989015]
0: Epoch: 150, Train RMSE: 0.15989375, Val RMSE: 0.18391490, Test RMSE: 0.19711084
0: Tasks RMSE: [0.15989375]
0: Epoch: 151, Train RMSE: 0.15978467, Val RMSE: 0.18492012, Test RMSE: 0.19739380
0: Tasks RMSE: [0.15978467]
0: Epoch: 152, Train RMSE: 0.16006870, Val RMSE: 0.18462713, Test RMSE: 0.19740385
0: Tasks RMSE: [0.1600687]
0: Epoch: 153, Train RMSE: 0.15957725, Val RMSE: 0.18454054, Test RMSE: 0.19723192
0: Tasks RMSE: [0.15957725]
0: Epoch: 154, Train RMSE: 0.15986229, Val RMSE: 0.18400489, Test RMSE: 0.19756002
0: Tasks RMSE: [0.15986229]
0: Epoch: 155, Train RMSE: 0.15926763, Val RMSE: 0.18376129, Test RMSE: 0.19569315
0: Tasks RMSE: [0.15926763]
0: Epoch: 156, Train RMSE: 0.15974017, Val RMSE: 0.18446611, Test RMSE: 0.19692685
0: Tasks RMSE: [0.15974017]
0: Epoch: 157, Train RMSE: 0.15971141, Val RMSE: 0.18378405, Test RMSE: 0.19836522
0: Tasks RMSE: [0.15971141]
0: Epoch: 158, Train RMSE: 0.15989097, Val RMSE: 0.18460112, Test RMSE: 0.19730034
0: Tasks RMSE: [0.15989097]
0: Epoch: 159, Train RMSE: 0.15919516, Val RMSE: 0.18275321, Test RMSE: 0.19799495
0: Tasks RMSE: [0.15919516]
0: Epoch: 160, Train RMSE: 0.15955408, Val RMSE: 0.18436745, Test RMSE: 0.19653688
0: Tasks RMSE: [0.15955408]
0: Epoch: 161, Train RMSE: 0.15950710, Val RMSE: 0.18393496, Test RMSE: 0.19731991
0: Tasks RMSE: [0.1595071]
0: Epoch: 162, Train RMSE: 0.15940941, Val RMSE: 0.18457883, Test RMSE: 0.19652417
0: Tasks RMSE: [0.15940941]
0: Epoch: 163, Train RMSE: 0.15939394, Val RMSE: 0.18470723, Test RMSE: 0.19643020
0: Tasks RMSE: [0.15939394]
0: Epoch: 164, Train RMSE: 0.15918944, Val RMSE: 0.18367059, Test RMSE: 0.19664236
0: Tasks RMSE: [0.15918944]
0: Epoch: 165, Train RMSE: 0.15932226, Val RMSE: 0.18445798, Test RMSE: 0.19784411
0: Tasks RMSE: [0.15932226]
0: Epoch: 166, Train RMSE: 0.15975745, Val RMSE: 0.18420865, Test RMSE: 0.19691490
0: Tasks RMSE: [0.15975745]
0: Epoch: 167, Train RMSE: 0.15904969, Val RMSE: 0.18458109, Test RMSE: 0.19653685
0: Tasks RMSE: [0.15904969]
0: Epoch: 168, Train RMSE: 0.15972943, Val RMSE: 0.18467926, Test RMSE: 0.19660777
0: Tasks RMSE: [0.15972943]
0: Epoch: 169, Train RMSE: 0.15904708, Val RMSE: 0.18337361, Test RMSE: 0.19699297
0: Tasks RMSE: [0.15904708]
0: Epoch: 170, Train RMSE: 0.15903258, Val RMSE: 0.18356586, Test RMSE: 0.19656744
0: Tasks RMSE: [0.15903258]
0: Epoch: 171, Train RMSE: 0.15902607, Val RMSE: 0.18402982, Test RMSE: 0.19689447
0: Tasks RMSE: [0.15902607]
0: Epoch: 172, Train RMSE: 0.15972983, Val RMSE: 0.18481992, Test RMSE: 0.19778234
0: Tasks RMSE: [0.15972983]
0: Epoch: 173, Train RMSE: 0.15902038, Val RMSE: 0.18530402, Test RMSE: 0.19678127
0: Tasks RMSE: [0.15902038]
0: Epoch: 174, Train RMSE: 0.15947569, Val RMSE: 0.18474692, Test RMSE: 0.19718056
0: Tasks RMSE: [0.15947569]
0: Epoch: 175, Train RMSE: 0.15875140, Val RMSE: 0.18507532, Test RMSE: 0.19577584
0: Tasks RMSE: [0.1587514]
0: Epoch: 176, Train RMSE: 0.15904057, Val RMSE: 0.18514704, Test RMSE: 0.19617650
0: Tasks RMSE: [0.15904057]
0: Epoch: 177, Train RMSE: 0.15892333, Val RMSE: 0.18382992, Test RMSE: 0.19657905
0: Tasks RMSE: [0.15892333]
0: Epoch: 178, Train RMSE: 0.15914626, Val RMSE: 0.18476605, Test RMSE: 0.19738111
0: Tasks RMSE: [0.15914626]
0: Epoch: 179, Train RMSE: 0.15918987, Val RMSE: 0.18427207, Test RMSE: 0.19638125
0: Tasks RMSE: [0.15918987]
0: Epoch: 180, Train RMSE: 0.15915024, Val RMSE: 0.18408982, Test RMSE: 0.19720742
0: Tasks RMSE: [0.15915024]
0: Epoch: 181, Train RMSE: 0.15913986, Val RMSE: 0.18412971, Test RMSE: 0.19699504
0: Tasks RMSE: [0.15913986]
0: Epoch: 182, Train RMSE: 0.15905012, Val RMSE: 0.18496917, Test RMSE: 0.19725704
0: Tasks RMSE: [0.15905012]
0: Epoch: 183, Train RMSE: 0.15870494, Val RMSE: 0.18496695, Test RMSE: 0.19683121
0: Tasks RMSE: [0.15870494]
0: Epoch: 184, Train RMSE: 0.15928298, Val RMSE: 0.18405898, Test RMSE: 0.19673989
0: Tasks RMSE: [0.15928298]
0: Epoch: 185, Train RMSE: 0.15885505, Val RMSE: 0.18460250, Test RMSE: 0.19777043
0: Tasks RMSE: [0.15885505]
0: Epoch: 186, Train RMSE: 0.15876201, Val RMSE: 0.18371661, Test RMSE: 0.19769824
0: Tasks RMSE: [0.15876201]
0: Epoch: 187, Train RMSE: 0.15915806, Val RMSE: 0.18458902, Test RMSE: 0.19770511
0: Tasks RMSE: [0.15915806]
0: Epoch: 188, Train RMSE: 0.15867419, Val RMSE: 0.18432673, Test RMSE: 0.19690253
0: Tasks RMSE: [0.15867419]
0: Epoch: 189, Train RMSE: 0.15891642, Val RMSE: 0.18481327, Test RMSE: 0.19805166
0: Tasks RMSE: [0.15891642]
0: Epoch: 190, Train RMSE: 0.15910604, Val RMSE: 0.18332467, Test RMSE: 0.19833043
0: Tasks RMSE: [0.15910604]
0: Epoch: 191, Train RMSE: 0.15878998, Val RMSE: 0.18465923, Test RMSE: 0.19816114
0: Tasks RMSE: [0.15878998]
0: Epoch: 192, Train RMSE: 0.15890107, Val RMSE: 0.18556914, Test RMSE: 0.19656742
0: Tasks RMSE: [0.15890107]
0: Epoch: 193, Train RMSE: 0.15914542, Val RMSE: 0.18467219, Test RMSE: 0.19770832
0: Tasks RMSE: [0.15914542]
0: Epoch: 194, Train RMSE: 0.15863977, Val RMSE: 0.18400838, Test RMSE: 0.19736611
0: Tasks RMSE: [0.15863977]
0: Epoch: 195, Train RMSE: 0.15935369, Val RMSE: 0.18429538, Test RMSE: 0.19528020
0: Tasks RMSE: [0.15935369]
0: Epoch: 196, Train RMSE: 0.15840132, Val RMSE: 0.18339724, Test RMSE: 0.19486195
0: Tasks RMSE: [0.15840132]
0: Epoch: 197, Train RMSE: 0.15856556, Val RMSE: 0.18484047, Test RMSE: 0.19674309
0: Tasks RMSE: [0.15856556]
0: Epoch: 198, Train RMSE: 0.15871978, Val RMSE: 0.18557966, Test RMSE: 0.19870566
0: Tasks RMSE: [0.15871978]
0: Epoch: 199, Train RMSE: 0.15840928, Val RMSE: 0.18382957, Test RMSE: 0.19731046
0: Tasks RMSE: [0.15840928]
0: Process 0 - Local timer:  train_validate_test  :  10939.83
0: Process 0 - Local timer:  create_model  :  0.01
0: Number of calls to timers: 
0: {'create_model': 1, 'train_validate_test': 1}
